[debug] [2025-05-09T13:48:14.757Z] ----------------------------------------------------------------------
[debug] [2025-05-09T13:48:14.762Z] Command:       C:\Program Files\nodejs\node.exe C:\Users\henry\AppData\Roaming\npm\node_modules\firebase-tools\lib\bin\firebase.js init --debug
[debug] [2025-05-09T13:48:14.763Z] CLI Version:   14.3.0
[debug] [2025-05-09T13:48:14.763Z] Platform:      win32
[debug] [2025-05-09T13:48:14.764Z] Node Version:  v22.15.0
[debug] [2025-05-09T13:48:14.764Z] Time:          Fri May 09 2025 15:48:14 GMT+0200 (Keski-Afrikan aika)
[debug] [2025-05-09T13:48:14.764Z] ----------------------------------------------------------------------
[debug] 
[debug] [2025-05-09T13:48:14.784Z] > command requires scopes: ["email","openid","https://www.googleapis.com/auth/cloudplatformprojects.readonly","https://www.googleapis.com/auth/firebase","https://www.googleapis.com/auth/cloud-platform"]
[debug] [2025-05-09T13:48:14.788Z] > authorizing via signed-in user (henkkatus2@gmail.com)
[info] 
     ######## #### ########  ######## ########     ###     ######  ########
     ##        ##  ##     ## ##       ##     ##  ##   ##  ##       ##
     ######    ##  ########  ######   ########  #########  ######  ######
     ##        ##  ##    ##  ##       ##     ## ##     ##       ## ##
     ##       #### ##     ## ######## ########  ##     ##  ######  ########

You're about to initialize a Firebase project in this directory:

  C:\Users\henry\Documents\MAP_GroupProject2025\MAP_GroupProject2025\firebase

[info] 
=== Project Setup
[info] 
[info] First, let's associate this project directory with a Firebase project.
[info] You can create multiple project aliases by running firebase use --add, 
[info] but for now we'll just set up a default project.
[info] 
[debug] [2025-05-09T13:48:20.589Z] Checked if tokens are valid: true, expires at: 1746801518289
[debug] [2025-05-09T13:48:20.590Z] Checked if tokens are valid: true, expires at: 1746801518289
[debug] [2025-05-09T13:48:20.592Z] >>> [apiv2][query] GET https://firebase.googleapis.com/v1beta1/projects pageSize=100
[debug] [2025-05-09T13:48:21.484Z] <<< [apiv2][status] GET https://firebase.googleapis.com/v1beta1/projects 200
[debug] [2025-05-09T13:48:21.485Z] <<< [apiv2][body] GET https://firebase.googleapis.com/v1beta1/projects [omitted]
[info] i  Using project mapapp-fdfdc (mapapp) 
[info] 
=== Firestore Setup
[debug] [2025-05-09T13:48:25.278Z] Checked if tokens are valid: true, expires at: 1746801518289
[debug] [2025-05-09T13:48:25.279Z] Checked if tokens are valid: true, expires at: 1746801518289
[debug] [2025-05-09T13:48:25.280Z] >>> [apiv2][query] GET https://serviceusage.googleapis.com/v1/projects/mapapp-fdfdc/services/firestore.googleapis.com [none]
[debug] [2025-05-09T13:48:25.280Z] >>> [apiv2][(partial)header] GET https://serviceusage.googleapis.com/v1/projects/mapapp-fdfdc/services/firestore.googleapis.com x-goog-quota-user=projects/mapapp-fdfdc
[debug] [2025-05-09T13:48:27.449Z] <<< [apiv2][status] GET https://serviceusage.googleapis.com/v1/projects/mapapp-fdfdc/services/firestore.googleapis.com 200
[debug] [2025-05-09T13:48:27.449Z] <<< [apiv2][body] GET https://serviceusage.googleapis.com/v1/projects/mapapp-fdfdc/services/firestore.googleapis.com [omitted]
[debug] [2025-05-09T13:48:27.451Z] Checked if tokens are valid: true, expires at: 1746801518289
[debug] [2025-05-09T13:48:27.452Z] Checked if tokens are valid: true, expires at: 1746801518289
[debug] [2025-05-09T13:48:27.452Z] >>> [apiv2][query] GET https://firestore.googleapis.com/v1/projects/mapapp-fdfdc/databases/(default) [none]
[debug] [2025-05-09T13:48:28.880Z] <<< [apiv2][status] GET https://firestore.googleapis.com/v1/projects/mapapp-fdfdc/databases/(default) 200
[debug] [2025-05-09T13:48:28.881Z] <<< [apiv2][body] GET https://firestore.googleapis.com/v1/projects/mapapp-fdfdc/databases/(default) {"name":"projects/mapapp-fdfdc/databases/(default)","uid":"8a78a81c-f066-461f-97ac-a226b3b72aef","createTime":"2025-05-09T12:44:27.999342Z","updateTime":"2025-05-09T12:44:27.999342Z","locationId":"eur3","type":"FIRESTORE_NATIVE","concurrencyMode":"PESSIMISTIC","versionRetentionPeriod":"3600s","earliestVersionTime":"2025-05-09T12:48:29.196032Z","appEngineIntegrationMode":"DISABLED","keyPrefix":"e","pointInTimeRecoveryEnablement":"POINT_IN_TIME_RECOVERY_DISABLED","deleteProtectionState":"DELETE_PROTECTION_DISABLED","databaseEdition":"STANDARD","freeTier":true,"etag":"IMn9icXDlo0DMO6Aup21lo0D"}
[debug] [2025-05-09T13:48:28.882Z] database_type: FIRESTORE_NATIVE
[debug] [2025-05-09T13:48:28.883Z] database_type: FIRESTORE_NATIVE
[debug] [2025-05-09T13:48:28.884Z] > command requires scopes: ["email","openid","https://www.googleapis.com/auth/cloudplatformprojects.readonly","https://www.googleapis.com/auth/firebase","https://www.googleapis.com/auth/cloud-platform"]
[debug] [2025-05-09T13:48:28.885Z] > authorizing via signed-in user (henkkatus2@gmail.com)
[debug] [2025-05-09T13:48:28.886Z] [iam] checking project mapapp-fdfdc for permissions ["firebase.projects.get"]
[debug] [2025-05-09T13:48:28.887Z] Checked if tokens are valid: true, expires at: 1746801518289
[debug] [2025-05-09T13:48:28.888Z] Checked if tokens are valid: true, expires at: 1746801518289
[debug] [2025-05-09T13:48:28.889Z] >>> [apiv2][query] POST https://cloudresourcemanager.googleapis.com/v1/projects/mapapp-fdfdc:testIamPermissions [none]
[debug] [2025-05-09T13:48:28.892Z] >>> [apiv2][(partial)header] POST https://cloudresourcemanager.googleapis.com/v1/projects/mapapp-fdfdc:testIamPermissions x-goog-quota-user=projects/mapapp-fdfdc
[debug] [2025-05-09T13:48:28.893Z] >>> [apiv2][body] POST https://cloudresourcemanager.googleapis.com/v1/projects/mapapp-fdfdc:testIamPermissions {"permissions":["firebase.projects.get"]}
[debug] [2025-05-09T13:48:30.853Z] <<< [apiv2][status] POST https://cloudresourcemanager.googleapis.com/v1/projects/mapapp-fdfdc:testIamPermissions 200
[debug] [2025-05-09T13:48:30.854Z] <<< [apiv2][body] POST https://cloudresourcemanager.googleapis.com/v1/projects/mapapp-fdfdc:testIamPermissions {"permissions":["firebase.projects.get"]}
[info] 
[info] Firestore Security Rules allow you to define how and when to allow
[info] requests. You can keep these rules in your project directory
[info] and publish them with firebase deploy.
[info] 
[debug] [2025-05-09T13:48:31.818Z] Checked if tokens are valid: true, expires at: 1746801518289
[debug] [2025-05-09T13:48:31.819Z] Checked if tokens are valid: true, expires at: 1746801518289
[debug] [2025-05-09T13:48:31.822Z] >>> [apiv2][query] GET https://firebaserules.googleapis.com/v1/projects/mapapp-fdfdc/releases pageSize=10&pageToken=
[debug] [2025-05-09T13:48:32.876Z] <<< [apiv2][status] GET https://firebaserules.googleapis.com/v1/projects/mapapp-fdfdc/releases 200
[debug] [2025-05-09T13:48:32.877Z] <<< [apiv2][body] GET https://firebaserules.googleapis.com/v1/projects/mapapp-fdfdc/releases {"releases":[{"name":"projects/mapapp-fdfdc/releases/cloud.firestore","rulesetName":"projects/mapapp-fdfdc/rulesets/8bc763a0-90d6-4470-b770-e3dcf00aca02","createTime":"2025-05-09T12:44:32.814853Z","updateTime":"2025-05-09T12:44:32.814853Z"}]}
[debug] [2025-05-09T13:48:32.878Z] Found ruleset: projects/mapapp-fdfdc/rulesets/8bc763a0-90d6-4470-b770-e3dcf00aca02
[debug] [2025-05-09T13:48:32.879Z] Checked if tokens are valid: true, expires at: 1746801518289
[debug] [2025-05-09T13:48:32.880Z] Checked if tokens are valid: true, expires at: 1746801518289
[debug] [2025-05-09T13:48:32.881Z] >>> [apiv2][query] GET https://firebaserules.googleapis.com/v1/projects/mapapp-fdfdc/rulesets/8bc763a0-90d6-4470-b770-e3dcf00aca02 [none]
[debug] [2025-05-09T13:48:33.796Z] <<< [apiv2][status] GET https://firebaserules.googleapis.com/v1/projects/mapapp-fdfdc/rulesets/8bc763a0-90d6-4470-b770-e3dcf00aca02 200
[debug] [2025-05-09T13:48:33.796Z] <<< [apiv2][body] GET https://firebaserules.googleapis.com/v1/projects/mapapp-fdfdc/rulesets/8bc763a0-90d6-4470-b770-e3dcf00aca02 [omitted]
[debug] [2025-05-09T13:48:33.801Z] TypeError [ERR_INVALID_ARG_TYPE]: The "path" argument must be of type string. Received undefined
    at Object.isAbsolute (node:path:452:5)
    at Config.path (C:\Users\henry\AppData\Roaming\npm\node_modules\firebase-tools\lib\config.js:130:18)
    at Config.writeProjectFile (C:\Users\henry\AppData\Roaming\npm\node_modules\firebase-tools\lib\config.js:162:32)
    at C:\Users\henry\AppData\Roaming\npm\node_modules\firebase-tools\lib\init\features\firestore\rules.js:37:23
    at process.processTicksAndRejections (node:internal/process/task_queues:105:5)
    at async doSetup (C:\Users\henry\AppData\Roaming\npm\node_modules\firebase-tools\lib\init\features\firestore\index.js:48:5)
    at async init (C:\Users\henry\AppData\Roaming\npm\node_modules\firebase-tools\lib\init\index.js:41:9)
    at async Command.initAction [as actionFn] (C:\Users\henry\AppData\Roaming\npm\node_modules\firebase-tools\lib\commands\init.js:187:5)
[error] 
[error] Error: An unexpected error has occurred.
